{"/Users/GQSM/Documents/Code/Jest/React-With-Redux-Jest/src/actions/Counter.js": {"path":"/Users/GQSM/Documents/Code/Jest/React-With-Redux-Jest/src/actions/Counter.js","statementMap":{"0":{"start":{"line":1,"column":27},"end":{"line":1,"column":40}},"1":{"start":{"line":3,"column":26},"end":{"line":6,"column":2}},"2":{"start":{"line":3,"column":33},"end":{"line":6,"column":1}},"3":{"start":{"line":8,"column":35},"end":{"line":8,"column":56}},"4":{"start":{"line":10,"column":33},"end":{"line":12,"column":2}},"5":{"start":{"line":10,"column":40},"end":{"line":12,"column":1}},"6":{"start":{"line":14,"column":35},"end":{"line":14,"column":56}},"7":{"start":{"line":16,"column":33},"end":{"line":19,"column":2}},"8":{"start":{"line":16,"column":42},"end":{"line":19,"column":1}},"9":{"start":{"line":21,"column":26},"end":{"line":28,"column":1}},"10":{"start":{"line":22,"column":2},"end":{"line":27,"column":3}},"11":{"start":{"line":23,"column":4},"end":{"line":23,"column":34}},"12":{"start":{"line":24,"column":4},"end":{"line":26,"column":55}},"13":{"start":{"line":25,"column":19},"end":{"line":25,"column":29}},"14":{"start":{"line":26,"column":20},"end":{"line":26,"column":53}}},"fnMap":{"0":{"name":"(anonymous_0)","decl":{"start":{"line":3,"column":26},"end":{"line":3,"column":27}},"loc":{"start":{"line":3,"column":33},"end":{"line":6,"column":1}},"line":3},"1":{"name":"(anonymous_1)","decl":{"start":{"line":10,"column":33},"end":{"line":10,"column":34}},"loc":{"start":{"line":10,"column":40},"end":{"line":12,"column":1}},"line":10},"2":{"name":"(anonymous_2)","decl":{"start":{"line":16,"column":33},"end":{"line":16,"column":34}},"loc":{"start":{"line":16,"column":42},"end":{"line":19,"column":1}},"line":16},"3":{"name":"(anonymous_3)","decl":{"start":{"line":21,"column":26},"end":{"line":21,"column":27}},"loc":{"start":{"line":22,"column":2},"end":{"line":27,"column":3}},"line":22},"4":{"name":"(anonymous_4)","decl":{"start":{"line":22,"column":2},"end":{"line":22,"column":3}},"loc":{"start":{"line":22,"column":16},"end":{"line":27,"column":3}},"line":22},"5":{"name":"(anonymous_5)","decl":{"start":{"line":25,"column":12},"end":{"line":25,"column":13}},"loc":{"start":{"line":25,"column":19},"end":{"line":25,"column":29}},"line":25},"6":{"name":"(anonymous_6)","decl":{"start":{"line":26,"column":12},"end":{"line":26,"column":13}},"loc":{"start":{"line":26,"column":20},"end":{"line":26,"column":53}},"line":26}},"branchMap":{},"s":{"0":1,"1":1,"2":2,"3":1,"4":1,"5":2,"6":1,"7":1,"8":2,"9":1,"10":1,"11":1,"12":1,"13":1,"14":1},"f":{"0":2,"1":2,"2":2,"3":1,"4":1,"5":1,"6":1},"b":{},"_coverageSchema":"43e27e138ebf9cfc5966b082cf9a028302ed4184","hash":"9a6b61fdd94db63df791b02a731574cd243fbc9d"}
,"/Users/GQSM/Documents/Code/Jest/React-With-Redux-Jest/src/component/Counter/Counter.js": {"path":"/Users/GQSM/Documents/Code/Jest/React-With-Redux-Jest/src/component/Counter/Counter.js","statementMap":{"0":{"start":{"line":6,"column":23},"end":{"line":15,"column":1}},"1":{"start":{"line":7,"column":31},"end":{"line":7,"column":36}},"2":{"start":{"line":8,"column":2},"end":{"line":14,"column":4}},"3":{"start":{"line":17,"column":0},"end":{"line":20,"column":2}},"4":{"start":{"line":22,"column":0},"end":{"line":25,"column":2}},"5":{"start":{"line":24,"column":20},"end":{"line":24,"column":41}},"6":{"start":{"line":27,"column":24},"end":{"line":29,"column":2}},"7":{"start":{"line":27,"column":34},"end":{"line":29,"column":1}},"8":{"start":{"line":31,"column":27},"end":{"line":33,"column":2}},"9":{"start":{"line":31,"column":40},"end":{"line":33,"column":1}},"10":{"start":{"line":32,"column":18},"end":{"line":32,"column":40}}},"fnMap":{"0":{"name":"(anonymous_0)","decl":{"start":{"line":6,"column":23},"end":{"line":6,"column":24}},"loc":{"start":{"line":6,"column":34},"end":{"line":15,"column":1}},"line":6},"1":{"name":"(anonymous_1)","decl":{"start":{"line":24,"column":12},"end":{"line":24,"column":13}},"loc":{"start":{"line":24,"column":18},"end":{"line":24,"column":43}},"line":24},"2":{"name":"(anonymous_2)","decl":{"start":{"line":27,"column":24},"end":{"line":27,"column":25}},"loc":{"start":{"line":27,"column":34},"end":{"line":29,"column":1}},"line":27},"3":{"name":"(anonymous_3)","decl":{"start":{"line":31,"column":27},"end":{"line":31,"column":28}},"loc":{"start":{"line":31,"column":40},"end":{"line":33,"column":1}},"line":31},"4":{"name":"(anonymous_4)","decl":{"start":{"line":32,"column":12},"end":{"line":32,"column":13}},"loc":{"start":{"line":32,"column":18},"end":{"line":32,"column":40}},"line":32}},"branchMap":{},"s":{"0":1,"1":1,"2":1,"3":1,"4":1,"5":0,"6":1,"7":0,"8":1,"9":0,"10":0},"f":{"0":1,"1":0,"2":0,"3":0,"4":0},"b":{},"_coverageSchema":"43e27e138ebf9cfc5966b082cf9a028302ed4184","hash":"789cc0912d08170c58adb15f3e339e080c8cb836"}
,"/Users/GQSM/Documents/Code/Jest/React-With-Redux-Jest/src/reducer/Counter.js": {"path":"/Users/GQSM/Documents/Code/Jest/React-With-Redux-Jest/src/reducer/Counter.js","statementMap":{"0":{"start":{"line":3,"column":18},"end":{"line":6,"column":1}},"1":{"start":{"line":8,"column":16},"end":{"line":30,"column":1}},"2":{"start":{"line":9,"column":2},"end":{"line":9,"column":21}},"3":{"start":{"line":10,"column":2},"end":{"line":29,"column":3}},"4":{"start":{"line":12,"column":6},"end":{"line":15,"column":8}},"5":{"start":{"line":17,"column":6},"end":{"line":20,"column":8}},"6":{"start":{"line":22,"column":6},"end":{"line":26,"column":8}},"7":{"start":{"line":28,"column":6},"end":{"line":28,"column":19}}},"fnMap":{"0":{"name":"(anonymous_0)","decl":{"start":{"line":8,"column":16},"end":{"line":8,"column":17}},"loc":{"start":{"line":8,"column":47},"end":{"line":30,"column":1}},"line":8}},"branchMap":{"0":{"loc":{"start":{"line":8,"column":17},"end":{"line":8,"column":34}},"type":"default-arg","locations":[{"start":{"line":8,"column":25},"end":{"line":8,"column":34}}],"line":8},"1":{"loc":{"start":{"line":10,"column":2},"end":{"line":29,"column":3}},"type":"switch","locations":[{"start":{"line":11,"column":4},"end":{"line":15,"column":8}},{"start":{"line":16,"column":4},"end":{"line":20,"column":8}},{"start":{"line":21,"column":4},"end":{"line":26,"column":8}},{"start":{"line":27,"column":4},"end":{"line":28,"column":19}}],"line":10}},"s":{"0":1,"1":1,"2":4,"3":4,"4":1,"5":1,"6":1,"7":1},"f":{"0":4},"b":{"0":[1],"1":[1,1,1,1]},"_coverageSchema":"43e27e138ebf9cfc5966b082cf9a028302ed4184","hash":"0f4634add7ba795f28f453a039189ec9a0286040"}
}
