TN:
SF:/Users/GQSM/Documents/Code/Jest/React-With-Redux-Jest/src/actions/Counter.js
FN:3,(anonymous_0)
FN:10,(anonymous_1)
FN:16,(anonymous_2)
FN:21,(anonymous_3)
FN:22,(anonymous_4)
FN:25,(anonymous_5)
FN:26,(anonymous_6)
FNF:7
FNH:7
FNDA:2,(anonymous_0)
FNDA:1,(anonymous_1)
FNDA:1,(anonymous_2)
FNDA:1,(anonymous_3)
FNDA:1,(anonymous_4)
FNDA:1,(anonymous_5)
FNDA:1,(anonymous_6)
DA:1,1
DA:3,2
DA:8,1
DA:10,1
DA:14,1
DA:16,1
DA:21,1
DA:22,1
DA:23,1
DA:24,1
DA:25,1
DA:26,1
LF:12
LH:12
BRF:0
BRH:0
end_of_record
TN:
SF:/Users/GQSM/Documents/Code/Jest/React-With-Redux-Jest/src/reducer/Counter.js
FN:8,(anonymous_0)
FNF:1
FNH:1
FNDA:2,(anonymous_0)
DA:3,1
DA:8,1
DA:9,2
DA:11,1
DA:16,0
DA:21,0
DA:27,1
LF:7
LH:5
BRDA:8,0,0,1
BRDA:9,1,0,1
BRDA:9,1,1,0
BRDA:9,1,2,0
BRDA:9,1,3,1
BRF:5
BRH:3
end_of_record
